<?xml version="1.0" encoding="UTF-8"?>
<testsuite name="it.unicam.cs.MDP.Formula1.RaceTest" tests="1" skipped="0" failures="0" errors="0" timestamp="2024-09-15T19:09:38" hostname="DESKTOP-9FTR3CG" time="0.004">
  <properties/>
  <testcase name="raceTest()" classname="it.unicam.cs.MDP.Formula1.RaceTest" time="0.004"/>
  <system-out><![CDATA[]]></system-out>
  <system-err><![CDATA[]]></system-err>
</testsuite>
