<?xml version="1.0" encoding="UTF-8"?>
<testsuite name="it.unicam.cs.MDP.Formula1.TrackReaderTest" tests="1" skipped="0" failures="0" errors="0" timestamp="2024-09-15T19:09:38" hostname="DESKTOP-9FTR3CG" time="0.001">
  <properties/>
  <testcase name="readTrack()" classname="it.unicam.cs.MDP.Formula1.TrackReaderTest" time="0.001"/>
  <system-out><![CDATA[]]></system-out>
  <system-err><![CDATA[]]></system-err>
</testsuite>
