<?xml version="1.0" encoding="UTF-8"?>
<testsuite name="it.unicam.cs.MDP.Formula1.GameControllerTest" tests="4" skipped="0" failures="0" errors="0" timestamp="2024-09-15T19:09:38" hostname="DESKTOP-9FTR3CG" time="0.056">
  <properties/>
  <testcase name="getPositionOfTest()" classname="it.unicam.cs.MDP.Formula1.GameControllerTest" time="0.045"/>
  <testcase name="getPilotFromTest()" classname="it.unicam.cs.MDP.Formula1.GameControllerTest" time="0.003"/>
  <testcase name="getVehicleOfTest()" classname="it.unicam.cs.MDP.Formula1.GameControllerTest" time="0.002"/>
  <testcase name="checkIfPresentTest()" classname="it.unicam.cs.MDP.Formula1.GameControllerTest" time="0.003"/>
  <system-out><![CDATA[]]></system-out>
  <system-err><![CDATA[]]></system-err>
</testsuite>
